<?xml version="1.0" encoding="UTF-8"?>
<!-- Generated by org.testng.reporters.JUnitXMLReporter -->
<testsuite ignored="0" hostname="Dhruba" failures="0" tests="6" name="Browser Test" time="0.06" errors="0" timestamp="2021-03-31T21:57:00 EDT">
  <testcase classname="qaclickacademy.MavenJava.RESTAPITest" name="deleteTwitter" time="0.006"/>
  <testcase classname="qaclickacademy.MavenJava.RESTAPITest" name="postJira" time="0.001"/>
  <testcase classname="qaclickacademy.MavenJava.SeleniumTest" name="browserAutomation" time="0.0"/>
  <testcase classname="qaclickacademy.MavenJava.SeleniumTest" name="elementsUI" time="0.0"/>
  <testcase classname="qaclickacademy.MavenJava.AppiumTest" name="IosApp" time="0.001"/>
  <testcase classname="qaclickacademy.MavenJava.AppiumTest" name="nativeAppAndroid" time="0.0"/>
</testsuite> <!-- Browser Test -->
