<?xml version="1.0" encoding="UTF-8"?>
<!-- Generated by org.testng.reporters.JUnitXMLReporter -->
<testsuite ignored="4" hostname="Dhruba" failures="0" tests="2" name="Test" time="0.049" errors="0" timestamp="2021-03-31T21:57:38 EDT">
  <testcase classname="qaclickacademy.MavenJava.SeleniumTest" name="elementsUI" time="0.005"/>
  <testcase classname="qaclickacademy.MavenJava.AppiumTest" name="IosApp" time="0.0"/>
  <testcase classname="qaclickacademy.MavenJava.RESTAPITest" name="postJira" time="0.0">
    <ignored/>
  </testcase> <!-- postJira -->
  <testcase classname="qaclickacademy.MavenJava.RESTAPITest" name="deleteTwitter" time="0.0">
    <ignored/>
  </testcase> <!-- deleteTwitter -->
  <testcase classname="qaclickacademy.MavenJava.AppiumTest" name="nativeAppAndroid" time="0.0">
    <ignored/>
  </testcase> <!-- nativeAppAndroid -->
  <testcase classname="qaclickacademy.MavenJava.SeleniumTest" name="browserAutomation" time="0.0">
    <ignored/>
  </testcase> <!-- browserAutomation -->
</testsuite> <!-- Test -->
