<?xml version="1.0" encoding="UTF-8"?>
<testng-results skipped="0" failed="0" ignored="0" total="2" passed="2">
  <reporter-output>
  </reporter-output>
  <suite name="Default suite" duration-ms="97" started-at="2021-03-30T14:58:14 EDT" finished-at="2021-03-30T14:58:14 EDT">
    <groups>
      <group name="Sanity">
        <method signature="SeleniumTest.elementsUI()[pri:0, instance:qaclickacademy.MavenJava.SeleniumTest@11438d26]" name="elementsUI" class="qaclickacademy.MavenJava.SeleniumTest"/>
      </group> <!-- Sanity -->
      <group name="Smoke">
        <method signature="SeleniumTest.browserAutomation()[pri:0, instance:qaclickacademy.MavenJava.SeleniumTest@11438d26]" name="browserAutomation" class="qaclickacademy.MavenJava.SeleniumTest"/>
      </group> <!-- Smoke -->
    </groups>
    <test name="Default test" duration-ms="97" started-at="2021-03-30T14:58:14 EDT" finished-at="2021-03-30T14:58:14 EDT">
      <class name="qaclickacademy.MavenJava.SeleniumTest">
        <test-method status="PASS" signature="browserAutomation()[pri:0, instance:qaclickacademy.MavenJava.SeleniumTest@11438d26]" name="browserAutomation" duration-ms="28" started-at="2021-03-30T14:58:14 EDT" finished-at="2021-03-30T14:58:14 EDT">
          <reporter-output>
          </reporter-output>
        </test-method> <!-- browserAutomation -->
        <test-method status="PASS" signature="elementsUI()[pri:0, instance:qaclickacademy.MavenJava.SeleniumTest@11438d26]" name="elementsUI" duration-ms="2" started-at="2021-03-30T14:58:14 EDT" finished-at="2021-03-30T14:58:14 EDT">
          <reporter-output>
          </reporter-output>
        </test-method> <!-- elementsUI -->
      </class> <!-- qaclickacademy.MavenJava.SeleniumTest -->
    </test> <!-- Default test -->
  </suite> <!-- Default suite -->
</testng-results>
